{
  "stats": {
    "suites": 1,
    "tests": 2,
    "passes": 2,
    "pending": 0,
    "failures": 0,
    "start": "2022-03-26T12:14:19.281Z",
    "end": "2022-03-26T12:14:35.089Z",
    "duration": 15808,
    "testsRegistered": 2,
    "passPercent": 100,
    "pendingPercent": 0,
    "other": 0,
    "hasOther": false,
    "skipped": 0,
    "hasSkipped": false
  },
  "results": [
    {
      "uuid": "94b4536f-be74-410c-906b-b1d1334ff2ce",
      "title": "",
      "fullFile": "cypress/integration/assertions/assert.spec.js",
      "file": "cypress/integration/assertions/assert.spec.js",
      "beforeHooks": [],
      "afterHooks": [],
      "tests": [],
      "suites": [
        {
          "uuid": "64e5d2b9-17be-4fa6-95b1-66d7d2749acf",
          "title": "Assertion Demo",
          "fullFile": "",
          "file": "",
          "beforeHooks": [],
          "afterHooks": [],
          "tests": [
            {
              "title": "TDD Assertions",
              "fullTitle": "Assertion Demo TDD Assertions",
              "timedOut": null,
              "duration": 8245,
              "state": "passed",
              "speed": "medium",
              "pass": true,
              "fail": false,
              "pending": false,
              "context": null,
              "code": "cy.log('-- Length Check');\ncy.get('input[type=\"radio\"]').should('have.length', 3);\ncy.log('-- Class Check');\ncy.get('input[type=\"radio\"]').eq(2).should('have.class', 'disabled'); //Negative Assertions\n// We recommend using negative assertions to verify that a specific condition\n// is no longer present after the application performs an action. For example, \n// when a previously completed item is unchecked, we might verify that a CSS class is removed.\ncy.log('-- Exist Check');\ncy.get('.mt-3').should('not.exist'); //Multiple Assertions\ncy.log('-- Text Check');\ncy.get('input[type=\"radio\"]').eq(0).click({\n  force: true\n});\ncy.get('.mt-3').should('have.text', 'You have selected Yes').and('include.text', 'Yes').and('not.contain', 'Test Word');\ncy.log('-- CSS check');\ncy.get('.text-success').should('have.css', 'color', 'rgb(40, 167, 69)');",
              "err": {},
              "uuid": "4a5e3bad-9d66-4596-be71-987d6ba07852",
              "parentUUID": "64e5d2b9-17be-4fa6-95b1-66d7d2749acf",
              "isHook": false,
              "skipped": false
            },
            {
              "title": "BDD Assertions",
              "fullTitle": "Assertion Demo BDD Assertions",
              "timedOut": null,
              "duration": 3061,
              "state": "passed",
              "speed": "fast",
              "pass": true,
              "fail": false,
              "pending": false,
              "context": null,
              "code": "//Should call back & Multiple assertions\ncy.log('-- Length & Class Check');\ncy.get('input[type=\"radio\"]').should($element => {\n  expect($element).to.have.lengthOf(3);\n  expect($element).to.have.class('disabled');\n});\ncy.log('-- Text Check');\ncy.get('input[type=\"radio\"]').eq(0).click({\n  force: true\n});\ncy.get('.mt-3').should($element => {\n  expect($element).to.have.text('You have selected Yes');\n  expect($element).to.include.text('Yes');\n  expect($element).to.not.include.text('No');\n});",
              "err": {},
              "uuid": "dea352b1-6df5-4821-8fe4-dca79c173bad",
              "parentUUID": "64e5d2b9-17be-4fa6-95b1-66d7d2749acf",
              "isHook": false,
              "skipped": false
            }
          ],
          "suites": [],
          "passes": [
            "4a5e3bad-9d66-4596-be71-987d6ba07852",
            "dea352b1-6df5-4821-8fe4-dca79c173bad"
          ],
          "failures": [],
          "pending": [],
          "skipped": [],
          "duration": 11306,
          "root": false,
          "rootEmpty": false,
          "_timeout": 2000
        }
      ],
      "passes": [],
      "failures": [],
      "pending": [],
      "skipped": [],
      "duration": 0,
      "root": true,
      "rootEmpty": true,
      "_timeout": 2000
    }
  ],
  "meta": {
    "mocha": {
      "version": "7.0.1"
    },
    "mochawesome": {
      "options": {
        "quiet": false,
        "reportFilename": "mochawesome",
        "saveHtml": false,
        "saveJson": true,
        "consoleReporter": "spec",
        "useInlineDiffs": false,
        "code": true
      },
      "version": "6.3.1"
    },
    "marge": {
      "options": {
        "reportDir": "cypress/report/.jsons",
        "charts": true,
        "reportPageTitle": "Demo Report",
        "embeddedScreenshots": true,
        "overwrite": false,
        "html": false,
        "json": true
      },
      "version": "5.2.0"
    }
  }
}